gradle-build/AliyunFileDownLoader/intermediates/manifest_merge_blame_file/release/manifest-merger-blame-release-report.txt
1<?xml version="1.0" encoding="utf-8"?>
2<manifest xmlns:android="http://schemas.android.com/apk/res/android"
3    package="com.aliyun.svideo.downloader" >
4
5    <uses-sdk
6        android:minSdkVersion="21"
6-->src/main/AndroidManifest.xml
7        android:targetSdkVersion="29" />
7-->src/main/AndroidManifest.xml
8
9    <uses-permission android:name="android.permission.INTERNET" />
9-->src/main/AndroidManifest.xml:4:5-66
9-->src/main/AndroidManifest.xml:4:22-64
10    <!-- 在SDCard中创建与删除文件权限 -->
11    <uses-permission android:name="android.permission.MOUNT_UNMOUNT_FILESYSTEMS" />
11-->src/main/AndroidManifest.xml:6:5-83
11-->src/main/AndroidManifest.xml:6:22-81
12    <!-- 往SDCard写入数据权限 -->
13    <uses-permission android:name="android.permission.WRITE_EXTERNAL_STORAGE" />
13-->src/main/AndroidManifest.xml:8:5-80
13-->src/main/AndroidManifest.xml:8:22-78
14    <!-- 从SDCard读取数据权限 -->
15    <uses-permission android:name="android.permission.READ_EXTERNAL_STORAGE" />
15-->src/main/AndroidManifest.xml:10:5-79
15-->src/main/AndroidManifest.xml:10:22-77
16
17    <application>
17-->src/main/AndroidManifest.xml:12:5-16:19
18        <service
18-->src/main/AndroidManifest.xml:13:9-15:48
19            android:name="com.liulishuo.filedownloader.services.FileDownloadService"
19-->src/main/AndroidManifest.xml:14:13-85
20            android:process=":filedownloader" />
20-->src/main/AndroidManifest.xml:15:13-46
21    </application>
22
23</manifest>